[debug] [2019-11-02T00:22:53.063Z] ----------------------------------------------------------------------
[debug] [2019-11-02T00:22:53.068Z] Command:       C:\Program Files\nodejs\node.exe C:\Users\jpaau\AppData\Roaming\npm\node_modules\firebase-tools\lib\bin\firebase.js deploy
[debug] [2019-11-02T00:22:53.069Z] CLI Version:   7.3.2
[debug] [2019-11-02T00:22:53.069Z] Platform:      win32
[debug] [2019-11-02T00:22:53.069Z] Node Version:  v10.16.3
[debug] [2019-11-02T00:22:53.071Z] Time:          Fri Nov 01 2019 21:22:53 GMT-0300 (Brasilia Standard Time)
[debug] [2019-11-02T00:22:53.071Z] ----------------------------------------------------------------------
[debug] 
[debug] [2019-11-02T00:22:53.107Z] > command requires scopes: ["email","openid","https://www.googleapis.com/auth/cloudplatformprojects.readonly","https://www.googleapis.com/auth/firebase","https://www.googleapis.com/auth/cloud-platform"]
[debug] [2019-11-02T00:22:53.108Z] > authorizing via signed-in user
[debug] [2019-11-02T00:22:53.109Z] [iam] checking project osbn-a36f9 for permissions ["firebase.projects.get","firebasehosting.sites.update"]
[debug] [2019-11-02T00:22:53.115Z] > refreshing access token with scopes: ["email","https://www.googleapis.com/auth/cloud-platform","https://www.googleapis.com/auth/cloudplatformprojects.readonly","https://www.googleapis.com/auth/firebase","openid"]
[debug] [2019-11-02T00:22:53.115Z] >>> HTTP REQUEST POST https://www.googleapis.com/oauth2/v3/token  
 <request body omitted>
[debug] [2019-11-02T00:22:53.545Z] <<< HTTP RESPONSE 200
[debug] [2019-11-02T00:22:53.553Z] >>> HTTP REQUEST POST https://cloudresourcemanager.googleapis.com/v1/projects/osbn-a36f9:testIamPermissions  

[debug] [2019-11-02T00:22:54.894Z] <<< HTTP RESPONSE 200
[debug] [2019-11-02T00:22:54.897Z] >>> HTTP REQUEST GET https://firebase.googleapis.com/v1beta1/projects/osbn-a36f9  
 
[debug] [2019-11-02T00:22:56.482Z] <<< HTTP RESPONSE 200
[info] 
[info] === Deploying to 'osbn-a36f9'...
[info] 
[info] i  deploying hosting
[debug] [2019-11-02T00:22:56.508Z] >>> HTTP REQUEST POST https://firebasehosting.googleapis.com/v1beta1/sites/osbn-a36f9/versions  

[debug] [2019-11-02T00:22:58.935Z] <<< HTTP RESPONSE 200
[info] i  hosting[osbn-a36f9]: beginning deploy...
[info] i  hosting[osbn-a36f9]: found 36 files in build
[debug] [2019-11-02T00:22:59.001Z] [hosting] hash cache [YnVpbGQ] load error: lines is not defined
